1 10 20
100 200 125
201 210 89
900 1000 174
999999 1 525
1000 900 174
210 201 89
200 100 125
10 1 20
1 1 1
1 2 2
1 3 8
1 4 8
4 1 8
4 4 3
5 6 9
1435 1435 79
10 1000 179
11 34234 308
3 1 8
900 901 55
10000 10002 180
40 4905 238
324 2344 183
9349 9342 185
23048 20489 269
2034 20 182
20 2034 182
6986 59685 340
40860 45086 288
4086 45069 324
237 834 171
345 5656 238
56434 5464 340
908 989 174
9890 1 262
99 100 26
204 234 128
43 34 110
3453 3455 57
54 44 113
3333 3334 31
3234 5435 238
3953 34054 308
9494 9999 242
100000 100001 129
111 123 96
343 10000 262
10000 100000 351
10 100 119
100 1000 179
1000 1000 112
34 45 110
34 65 113
78 76 36
768 56 171
464 45 144
56 76 116
8 8 4
9 66 113
10 12 15
34343 65655 340
69486 54968 335
1 999999 525
82346 3276 351
8749 8477 203
8484 4857 262
50860 8945 324
3 4545 238
56 6999 262
9987 77833 351
78457 85966 338
9688 38374 324
9588 383 262
398 9388 262
999999 7 525
484 835098 509
786 5676 238
93354 93499 253
49556 29492 324
92797 234787 443
34855 837578 509
9999 9 262
902202 234 525
304840 566 443
7898 78999 351
87883 73875 351
940858 45454 525
6575 6333 213
35357 45646 324
23426 76676 340
34534 34055 311
2342 345533 443
68757 45646 340
34593 34533 249
35355 34534 280
86525 32648 351
23472 23498 176
684545 353 509
34775 3497 311
38949 39734 275
99999 99999 227
837799 837799 525
